2025-09-20 14:10:12,232 [Worker-5: Loading available Gradle versions] INFO  o.e.b.c.i.u.g.PublishedGradleVersions - Gradle version information cache is not available. Remote download required.
2025-09-20 14:10:51,444 [Worker-7: Importing Maven projects] INFO  o.e.m.c.i.l.LifecycleMappingFactory - Using org.eclipse.m2e.jdt.JarLifecycleMapping lifecycle mapping for MavenProject: com.example:ExpenseTrackerBackend:0.0.1-SNAPSHOT @ C:\Users\hydms\Downloads\CICD-PROJECT\CICD_BACKEND\ExpenseTrackerBackend\pom.xml.
2025-09-20 14:10:53,542 [Worker-7: Importing Maven projects] INFO  o.e.m.j.i.AbstractJavaProjectConfigurator - Adding source folder /ExpenseTrackerBackend/src/main/java
2025-09-20 14:10:53,546 [Worker-7: Importing Maven projects] INFO  o.e.m.j.i.AbstractJavaProjectConfigurator - Adding resource folder /ExpenseTrackerBackend/src/main/resources
2025-09-20 14:10:53,548 [Worker-7: Importing Maven projects] INFO  o.e.m.j.i.AbstractJavaProjectConfigurator - Adding resource folder /ExpenseTrackerBackend/src/main/resources
2025-09-20 14:10:53,549 [Worker-7: Importing Maven projects] INFO  o.e.m.j.i.AbstractJavaProjectConfigurator - Adding source folder /ExpenseTrackerBackend/src/test/java
2025-09-20 14:10:53,552 [Worker-7: Importing Maven projects] INFO  o.e.m.j.i.AbstractJavaProjectConfigurator - Adding resource folder /ExpenseTrackerBackend/src/test/resources
2025-09-20 14:10:54,071 [Worker-7: Importing Maven projects] INFO  o.e.m.c.i.p.ProjectConfigurationManager - Imported and configured 1 project(s) in 4 sec
2025-09-20 14:10:54,527 [Worker-16: Updating Maven Project] INFO  o.e.m.c.i.p.ProjectConfigurationManager - Update started
2025-09-20 14:10:55,392 [Worker-16: Updating Maven Project] INFO  o.e.m.c.i.l.LifecycleMappingFactory - Using org.eclipse.m2e.jdt.JarLifecycleMapping lifecycle mapping for MavenProject: com.example:ExpenseTrackerBackend:0.0.1-SNAPSHOT @ C:\Users\hydms\Downloads\CICD-PROJECT\CICD_BACKEND\ExpenseTrackerBackend\pom.xml.
2025-09-20 14:10:56,641 [Worker-16: Updating Maven Project] INFO  o.e.m.j.i.AbstractJavaProjectConfigurator - Adding source folder /ExpenseTrackerBackend/src/main/java
2025-09-20 14:10:56,642 [Worker-16: Updating Maven Project] INFO  o.e.m.j.i.AbstractJavaProjectConfigurator - Adding resource folder /ExpenseTrackerBackend/src/main/resources
2025-09-20 14:10:56,643 [Worker-16: Updating Maven Project] INFO  o.e.m.j.i.AbstractJavaProjectConfigurator - Adding resource folder /ExpenseTrackerBackend/src/main/resources
2025-09-20 14:10:56,644 [Worker-16: Updating Maven Project] INFO  o.e.m.j.i.AbstractJavaProjectConfigurator - Adding source folder /ExpenseTrackerBackend/src/test/java
2025-09-20 14:10:56,646 [Worker-16: Updating Maven Project] INFO  o.e.m.j.i.AbstractJavaProjectConfigurator - Adding resource folder /ExpenseTrackerBackend/src/test/resources
2025-09-20 14:10:57,263 [Worker-16: Updating Maven Project] INFO  o.e.m.c.i.p.ProjectConfigurationManager - Update completed for 1 poms: local refresh takes 0.00 sec, refresh facades takes 2.00 sec, update config takes 0.00 sec 
2025-09-20 14:10:58,334 [Worker-18: Building] INFO  o.a.m.s.f.DefaultMavenResourcesFiltering - Copying 1 resource from src\main\resources to target\classes
2025-09-20 14:10:58,371 [Worker-18: Building] INFO  o.a.m.s.f.DefaultMavenResourcesFiltering - Copying 0 resource from src\main\resources to target\classes
2025-09-20 14:10:58,375 [Worker-18: Building] INFO  o.a.m.s.f.DefaultMavenResourcesFiltering - skip non existing resourceDirectory C:\Users\hydms\Downloads\CICD-PROJECT\CICD_BACKEND\ExpenseTrackerBackend\src\test\resources
2025-09-20 14:14:57,492 [Worker-12: Building] INFO  o.a.m.s.f.DefaultMavenResourcesFiltering - Copying 1 resource from src\main\resources to target\classes
2025-09-20 14:14:57,502 [Worker-12: Building] INFO  o.a.m.s.f.DefaultMavenResourcesFiltering - Copying 0 resource from src\main\resources to target\classes
2025-09-20 14:14:57,509 [Worker-12: Building] INFO  o.a.m.s.f.DefaultMavenResourcesFiltering - skip non existing resourceDirectory C:\Users\hydms\Downloads\CICD-PROJECT\CICD_BACKEND\ExpenseTrackerBackend\src\test\resources
2025-09-20 14:16:28,271 [Worker-24: Building] INFO  o.a.m.s.f.DefaultMavenResourcesFiltering - Copying 1 resource from src\main\resources to target\classes
2025-09-20 14:16:28,282 [Worker-24: Building] INFO  o.a.m.s.f.DefaultMavenResourcesFiltering - Copying 0 resource from src\main\resources to target\classes
2025-09-20 14:16:28,289 [Worker-24: Building] INFO  o.a.m.s.f.DefaultMavenResourcesFiltering - skip non existing resourceDirectory C:\Users\hydms\Downloads\CICD-PROJECT\CICD_BACKEND\ExpenseTrackerBackend\src\test\resources
2025-09-20 14:17:09,354 [Worker-10: Building] INFO  o.a.m.s.f.DefaultMavenResourcesFiltering - Copying 1 resource from src\main\resources to target\classes
2025-09-20 14:17:09,364 [Worker-10: Building] INFO  o.a.m.s.f.DefaultMavenResourcesFiltering - Copying 0 resource from src\main\resources to target\classes
2025-09-20 14:17:09,372 [Worker-10: Building] INFO  o.a.m.s.f.DefaultMavenResourcesFiltering - skip non existing resourceDirectory C:\Users\hydms\Downloads\CICD-PROJECT\CICD_BACKEND\ExpenseTrackerBackend\src\test\resources
2025-09-20 14:18:01,207 [Worker-23: Building] INFO  o.a.m.s.f.DefaultMavenResourcesFiltering - Copying 1 resource from src\main\resources to target\classes
2025-09-20 14:18:01,214 [Worker-23: Building] INFO  o.a.m.s.f.DefaultMavenResourcesFiltering - Copying 0 resource from src\main\resources to target\classes
2025-09-20 14:18:01,219 [Worker-23: Building] INFO  o.a.m.s.f.DefaultMavenResourcesFiltering - skip non existing resourceDirectory C:\Users\hydms\Downloads\CICD-PROJECT\CICD_BACKEND\ExpenseTrackerBackend\src\test\resources
2025-09-20 14:18:17,723 [Worker-22: Building] INFO  o.a.m.s.f.DefaultMavenResourcesFiltering - Copying 1 resource from src\main\resources to target\classes
2025-09-20 14:18:17,729 [Worker-22: Building] INFO  o.a.m.s.f.DefaultMavenResourcesFiltering - Copying 0 resource from src\main\resources to target\classes
2025-09-20 14:18:17,732 [Worker-22: Building] INFO  o.a.m.s.f.DefaultMavenResourcesFiltering - skip non existing resourceDirectory C:\Users\hydms\Downloads\CICD-PROJECT\CICD_BACKEND\ExpenseTrackerBackend\src\test\resources
2025-09-20 14:20:38,098 [Worker-12: Building] INFO  o.a.m.s.f.DefaultMavenResourcesFiltering - Copying 1 resource from src\main\resources to target\classes
2025-09-20 14:20:38,107 [Worker-12: Building] INFO  o.a.m.s.f.DefaultMavenResourcesFiltering - Copying 0 resource from src\main\resources to target\classes
2025-09-20 14:20:38,112 [Worker-12: Building] INFO  o.a.m.s.f.DefaultMavenResourcesFiltering - skip non existing resourceDirectory C:\Users\hydms\Downloads\CICD-PROJECT\CICD_BACKEND\ExpenseTrackerBackend\src\test\resources
2025-09-20 14:21:00,205 [Worker-23: Building] INFO  o.a.m.s.f.DefaultMavenResourcesFiltering - Copying 1 resource from src\main\resources to target\classes
2025-09-20 14:21:00,211 [Worker-23: Building] INFO  o.a.m.s.f.DefaultMavenResourcesFiltering - Copying 0 resource from src\main\resources to target\classes
2025-09-20 14:21:00,214 [Worker-23: Building] INFO  o.a.m.s.f.DefaultMavenResourcesFiltering - skip non existing resourceDirectory C:\Users\hydms\Downloads\CICD-PROJECT\CICD_BACKEND\ExpenseTrackerBackend\src\test\resources
2025-09-20 14:32:06,638 [Worker-33: Launching ExpenseTrackerBackend - ExpenseTrackerBackendApplication] INFO  o.a.m.s.f.DefaultMavenResourcesFiltering - Copying 1 resource from src\main\resources to target\classes
2025-09-20 14:32:06,659 [Worker-33: Launching ExpenseTrackerBackend - ExpenseTrackerBackendApplication] INFO  o.a.m.s.f.DefaultMavenResourcesFiltering - Copying 0 resource from src\main\resources to target\classes
2025-09-20 14:32:06,664 [Worker-33: Launching ExpenseTrackerBackend - ExpenseTrackerBackendApplication] INFO  o.a.m.s.f.DefaultMavenResourcesFiltering - skip non existing resourceDirectory C:\Users\hydms\Downloads\CICD-PROJECT\CICD_BACKEND\ExpenseTrackerBackend\src\test\resources
2025-09-20 15:13:03,632 [Worker-28: Launching ExpenseTrackerBackend - ExpenseTrackerBackendApplication] INFO  o.a.m.s.f.DefaultMavenResourcesFiltering - Copying 1 resource from src\main\resources to target\classes
2025-09-20 15:13:03,686 [Worker-28: Launching ExpenseTrackerBackend - ExpenseTrackerBackendApplication] INFO  o.a.m.s.f.DefaultMavenResourcesFiltering - Copying 0 resource from src\main\resources to target\classes
2025-09-20 15:13:03,691 [Worker-28: Launching ExpenseTrackerBackend - ExpenseTrackerBackendApplication] INFO  o.a.m.s.f.DefaultMavenResourcesFiltering - skip non existing resourceDirectory C:\Users\hydms\Downloads\CICD-PROJECT\CICD_BACKEND\ExpenseTrackerBackend\src\test\resources
2025-09-20 15:17:32,116 [Worker-28: Launching ExpenseTrackerBackend - ExpenseTrackerBackendApplication] INFO  o.a.m.s.f.DefaultMavenResourcesFiltering - Copying 1 resource from src\main\resources to target\classes
2025-09-20 15:17:32,122 [Worker-28: Launching ExpenseTrackerBackend - ExpenseTrackerBackendApplication] INFO  o.a.m.s.f.DefaultMavenResourcesFiltering - Copying 0 resource from src\main\resources to target\classes
2025-09-20 15:17:32,125 [Worker-28: Launching ExpenseTrackerBackend - ExpenseTrackerBackendApplication] INFO  o.a.m.s.f.DefaultMavenResourcesFiltering - skip non existing resourceDirectory C:\Users\hydms\Downloads\CICD-PROJECT\CICD_BACKEND\ExpenseTrackerBackend\src\test\resources
2025-09-20 15:28:59,886 [Worker-42: Launching ExpenseTrackerBackend - ExpenseTrackerBackendApplication] INFO  o.a.m.s.f.DefaultMavenResourcesFiltering - Copying 1 resource from src\main\resources to target\classes
2025-09-20 15:28:59,942 [Worker-42: Launching ExpenseTrackerBackend - ExpenseTrackerBackendApplication] INFO  o.a.m.s.f.DefaultMavenResourcesFiltering - Copying 0 resource from src\main\resources to target\classes
2025-09-20 15:28:59,946 [Worker-42: Launching ExpenseTrackerBackend - ExpenseTrackerBackendApplication] INFO  o.a.m.s.f.DefaultMavenResourcesFiltering - skip non existing resourceDirectory C:\Users\hydms\Downloads\CICD-PROJECT\CICD_BACKEND\ExpenseTrackerBackend\src\test\resources
2025-09-20 21:30:39,392 [Worker-2: Loading available Gradle versions] INFO  o.e.b.c.i.u.g.PublishedGradleVersions - Gradle version information cache is up-to-date. Trying to read.
2025-09-20 21:49:52,932 [Worker-3: Launching ExpenseTrackerBackend - ExpenseTrackerBackendApplication] INFO  o.a.m.s.f.DefaultMavenResourcesFiltering - Copying 1 resource from src\main\resources to target\classes
2025-09-20 21:49:52,994 [Worker-3: Launching ExpenseTrackerBackend - ExpenseTrackerBackendApplication] INFO  o.a.m.s.f.DefaultMavenResourcesFiltering - Copying 0 resource from src\main\resources to target\classes
2025-09-20 21:49:53,002 [Worker-3: Launching ExpenseTrackerBackend - ExpenseTrackerBackendApplication] INFO  o.a.m.s.f.DefaultMavenResourcesFiltering - skip non existing resourceDirectory C:\Users\hydms\Downloads\CICD-PROJECT\CICD_BACKEND\ExpenseTrackerBackend\src\test\resources
2025-09-20 21:51:43,664 [Worker-9: Launching ExpenseTrackerBackend - ExpenseTrackerBackendApplication] INFO  o.a.m.s.f.DefaultMavenResourcesFiltering - Copying 1 resource from src\main\resources to target\classes
2025-09-20 21:51:43,679 [Worker-9: Launching ExpenseTrackerBackend - ExpenseTrackerBackendApplication] INFO  o.a.m.s.f.DefaultMavenResourcesFiltering - Copying 0 resource from src\main\resources to target\classes
2025-09-20 21:51:43,685 [Worker-9: Launching ExpenseTrackerBackend - ExpenseTrackerBackendApplication] INFO  o.a.m.s.f.DefaultMavenResourcesFiltering - skip non existing resourceDirectory C:\Users\hydms\Downloads\CICD-PROJECT\CICD_BACKEND\ExpenseTrackerBackend\src\test\resources
2025-09-21 08:14:35,716 [Worker-2: Loading available Gradle versions] INFO  o.e.b.c.i.u.g.PublishedGradleVersions - Gradle version information cache is up-to-date. Trying to read.
2025-09-21 08:18:26,455 [Worker-5: Building] INFO  o.a.m.s.f.DefaultMavenResourcesFiltering - Copying 1 resource from src\main\resources to target\classes
2025-09-21 08:18:26,574 [Worker-5: Building] INFO  o.a.m.s.f.DefaultMavenResourcesFiltering - Copying 0 resource from src\main\resources to target\classes
2025-09-21 08:18:26,590 [Worker-5: Building] INFO  o.a.m.s.f.DefaultMavenResourcesFiltering - skip non existing resourceDirectory C:\Users\hydms\Downloads\CICD-PROJECT\CICD_BACKEND\ExpenseTrackerBackend\src\test\resources
2025-09-21 08:22:46,488 [Worker-23: Building] INFO  o.a.m.s.f.DefaultMavenResourcesFiltering - Copying 1 resource from src\main\resources to target\classes
2025-09-21 08:22:46,570 [Worker-23: Building] INFO  o.a.m.s.f.DefaultMavenResourcesFiltering - Copying 0 resource from src\main\resources to target\classes
2025-09-21 08:22:46,599 [Worker-23: Building] INFO  o.a.m.s.f.DefaultMavenResourcesFiltering - skip non existing resourceDirectory C:\Users\hydms\Downloads\CICD-PROJECT\CICD_BACKEND\ExpenseTrackerBackend\src\test\resources
2025-09-21 08:23:28,618 [Worker-24: Building] INFO  o.a.m.s.f.DefaultMavenResourcesFiltering - Copying 1 resource from src\main\resources to target\classes
2025-09-21 08:23:28,638 [Worker-24: Building] INFO  o.a.m.s.f.DefaultMavenResourcesFiltering - Copying 0 resource from src\main\resources to target\classes
2025-09-21 08:23:28,648 [Worker-24: Building] INFO  o.a.m.s.f.DefaultMavenResourcesFiltering - skip non existing resourceDirectory C:\Users\hydms\Downloads\CICD-PROJECT\CICD_BACKEND\ExpenseTrackerBackend\src\test\resources
2025-09-21 08:25:23,636 [Worker-24: Building] INFO  o.a.m.s.f.DefaultMavenResourcesFiltering - Copying 1 resource from src\main\resources to target\classes
2025-09-21 08:25:23,649 [Worker-24: Building] INFO  o.a.m.s.f.DefaultMavenResourcesFiltering - Copying 0 resource from src\main\resources to target\classes
2025-09-21 08:25:23,655 [Worker-24: Building] INFO  o.a.m.s.f.DefaultMavenResourcesFiltering - skip non existing resourceDirectory C:\Users\hydms\Downloads\CICD-PROJECT\CICD_BACKEND\ExpenseTrackerBackend\src\test\resources
2025-09-21 08:27:46,156 [Worker-23: Building] INFO  o.a.m.s.f.DefaultMavenResourcesFiltering - Copying 1 resource from src\main\resources to target\classes
2025-09-21 08:27:46,182 [Worker-23: Building] INFO  o.a.m.s.f.DefaultMavenResourcesFiltering - Copying 0 resource from src\main\resources to target\classes
2025-09-21 08:27:46,188 [Worker-23: Building] INFO  o.a.m.s.f.DefaultMavenResourcesFiltering - skip non existing resourceDirectory C:\Users\hydms\Downloads\CICD-PROJECT\CICD_BACKEND\ExpenseTrackerBackend\src\test\resources
